/usr/bin/lli

###### Testing test-add
./javapm tests/test-add.javapm > test-add.ll
testall.sh: 1: eval: ./javapm: not found
###### FAILED

###### Testing test-addAssign
./javapm tests/test-addAssign.javapm > test-addAssign.ll
testall.sh: 1: eval: ./javapm: not found
###### FAILED

###### Testing test-and
./javapm tests/test-and.javapm > test-and.ll
testall.sh: 1: eval: ./javapm: not found
###### FAILED

###### Testing test-andOp
./javapm tests/test-andOp.javapm > test-andOp.ll
testall.sh: 1: eval: ./javapm: not found
###### FAILED

###### Testing test-arithmetic
./javapm tests/test-arithmetic.javapm > test-arithmetic.ll
testall.sh: 1: eval: ./javapm: not found
###### FAILED

###### Testing test-array
./javapm tests/test-array.javapm > test-array.ll
testall.sh: 1: eval: ./javapm: not found
###### FAILED

###### Testing test-array_object
./javapm tests/test-array_object.javapm > test-array_object.ll
testall.sh: 1: eval: ./javapm: not found
###### FAILED

###### Testing test-assign
./javapm tests/test-assign.javapm > test-assign.ll
testall.sh: 1: eval: ./javapm: not found
###### FAILED

###### Testing test-bool
./javapm tests/test-bool.javapm > test-bool.ll
testall.sh: 1: eval: ./javapm: not found
###### FAILED

###### Testing test-comments
./javapm tests/test-comments.javapm > test-comments.ll
testall.sh: 1: eval: ./javapm: not found
###### FAILED

###### Testing test-constructors
./javapm tests/test-constructors.javapm > test-constructors.ll
testall.sh: 1: eval: ./javapm: not found
###### FAILED

###### Testing test-div
./javapm tests/test-div.javapm > test-div.ll
testall.sh: 1: eval: ./javapm: not found
###### FAILED

###### Testing test-equal
./javapm tests/test-equal.javapm > test-equal.ll
testall.sh: 1: eval: ./javapm: not found
###### FAILED

###### Testing test-fibonacci
./javapm tests/test-fibonacci.javapm > test-fibonacci.ll
testall.sh: 1: eval: ./javapm: not found
###### FAILED

###### Testing test-float
./javapm tests/test-float.javapm > test-float.ll
testall.sh: 1: eval: ./javapm: not found
###### FAILED

###### Testing test-for
./javapm tests/test-for.javapm > test-for.ll
testall.sh: 1: eval: ./javapm: not found
###### FAILED

###### Testing test-for_nest
./javapm tests/test-for_nest.javapm > test-for_nest.ll
testall.sh: 1: eval: ./javapm: not found
###### FAILED

###### Testing test-func_in_object
./javapm tests/test-func_in_object.javapm > test-func_in_object.ll
testall.sh: 1: eval: ./javapm: not found
###### FAILED

###### Testing test-gcd
./javapm tests/test-gcd.javapm > test-gcd.ll
testall.sh: 1: eval: ./javapm: not found
###### FAILED

###### Testing test-geq
./javapm tests/test-geq.javapm > test-geq.ll
testall.sh: 1: eval: ./javapm: not found
###### FAILED

###### Testing test-gt
./javapm tests/test-gt.javapm > test-gt.ll
testall.sh: 1: eval: ./javapm: not found
###### FAILED

###### Testing test-hello
./javapm tests/test-hello.javapm > test-hello.ll
testall.sh: 1: eval: ./javapm: not found
###### FAILED

###### Testing test-if
./javapm tests/test-if.javapm > test-if.ll
testall.sh: 1: eval: ./javapm: not found
###### FAILED

###### Testing test-if_nest
./javapm tests/test-if_nest.javapm > test-if_nest.ll
testall.sh: 1: eval: ./javapm: not found
###### FAILED

###### Testing test-initialize
./javapm tests/test-initialize.javapm > test-initialize.ll
testall.sh: 1: eval: ./javapm: not found
###### FAILED

###### Testing test-integer
./javapm tests/test-integer.javapm > test-integer.ll
testall.sh: 1: eval: ./javapm: not found
###### FAILED

###### Testing test-leq
./javapm tests/test-leq.javapm > test-leq.ll
testall.sh: 1: eval: ./javapm: not found
###### FAILED

###### Testing test-lt
./javapm tests/test-lt.javapm > test-lt.ll
testall.sh: 1: eval: ./javapm: not found
###### FAILED

###### Testing test-mult
./javapm tests/test-mult.javapm > test-mult.ll
testall.sh: 1: eval: ./javapm: not found
###### FAILED

###### Testing test-not
./javapm tests/test-not.javapm > test-not.ll
testall.sh: 1: eval: ./javapm: not found
###### FAILED

###### Testing test-notEqual
./javapm tests/test-notEqual.javapm > test-notEqual.ll
testall.sh: 1: eval: ./javapm: not found
###### FAILED

###### Testing test-object
./javapm tests/test-object.javapm > test-object.ll
testall.sh: 1: eval: ./javapm: not found
###### FAILED

###### Testing test-or
./javapm tests/test-or.javapm > test-or.ll
testall.sh: 1: eval: ./javapm: not found
###### FAILED

###### Testing test-printAdd
./javapm tests/test-printAdd.javapm > test-printAdd.ll
testall.sh: 1: eval: ./javapm: not found
###### FAILED

###### Testing test-subtract
./javapm tests/test-subtract.javapm > test-subtract.ll
testall.sh: 1: eval: ./javapm: not found
###### FAILED

###### Testing test-while
./javapm tests/test-while.javapm > test-while.ll
testall.sh: 1: eval: ./javapm: not found
###### FAILED

###### Testing test-while_for_nested
./javapm tests/test-while_for_nested.javapm > test-while_for_nested.ll
testall.sh: 1: eval: ./javapm: not found
###### FAILED

###### Testing test-while_nest
./javapm tests/test-while_nest.javapm > test-while_nest.ll
testall.sh: 1: eval: ./javapm: not found
###### FAILED

###### Testing fail-assign1
< tests/fail-assign1.javapm 2> fail-assign1.err >> testall.log
###### FAILED

###### Testing fail-assign2
< tests/fail-assign2.javapm 2> fail-assign2.err >> testall.log
###### FAILED

###### Testing fail-assign3
< tests/fail-assign3.javapm 2> fail-assign3.err >> testall.log
###### FAILED

###### Testing fail-dead1
< tests/fail-dead1.javapm 2> fail-dead1.err >> testall.log
###### FAILED

###### Testing fail-dead2
< tests/fail-dead2.javapm 2> fail-dead2.err >> testall.log
###### FAILED

###### Testing fail-expr1
< tests/fail-expr1.javapm 2> fail-expr1.err >> testall.log
###### FAILED

###### Testing fail-expr2
< tests/fail-expr2.javapm 2> fail-expr2.err >> testall.log
###### FAILED

###### Testing fail-for1
< tests/fail-for1.javapm 2> fail-for1.err >> testall.log
###### FAILED

###### Testing fail-for2
< tests/fail-for2.javapm 2> fail-for2.err >> testall.log
###### FAILED

###### Testing fail-for3
< tests/fail-for3.javapm 2> fail-for3.err >> testall.log
###### FAILED

###### Testing fail-for4
< tests/fail-for4.javapm 2> fail-for4.err >> testall.log
###### FAILED

###### Testing fail-for5
< tests/fail-for5.javapm 2> fail-for5.err >> testall.log
###### FAILED

###### Testing fail-func1
< tests/fail-func1.javapm 2> fail-func1.err >> testall.log
###### FAILED

###### Testing fail-func2
< tests/fail-func2.javapm 2> fail-func2.err >> testall.log
###### FAILED

###### Testing fail-func3
< tests/fail-func3.javapm 2> fail-func3.err >> testall.log
###### FAILED

###### Testing fail-func4
< tests/fail-func4.javapm 2> fail-func4.err >> testall.log
###### FAILED

###### Testing fail-func5
< tests/fail-func5.javapm 2> fail-func5.err >> testall.log
###### FAILED

###### Testing fail-func6
< tests/fail-func6.javapm 2> fail-func6.err >> testall.log
###### FAILED

###### Testing fail-func7
< tests/fail-func7.javapm 2> fail-func7.err >> testall.log
###### FAILED

###### Testing fail-func8
< tests/fail-func8.javapm 2> fail-func8.err >> testall.log
###### FAILED

###### Testing fail-func9
< tests/fail-func9.javapm 2> fail-func9.err >> testall.log
###### FAILED

###### Testing fail-global1
< tests/fail-global1.javapm 2> fail-global1.err >> testall.log
###### FAILED

###### Testing fail-global2
< tests/fail-global2.javapm 2> fail-global2.err >> testall.log
###### FAILED

###### Testing fail-if1
< tests/fail-if1.javapm 2> fail-if1.err >> testall.log
###### FAILED

###### Testing fail-if2
< tests/fail-if2.javapm 2> fail-if2.err >> testall.log
###### FAILED

###### Testing fail-if3
< tests/fail-if3.javapm 2> fail-if3.err >> testall.log
###### FAILED

###### Testing fail-nomain
< tests/fail-nomain.javapm 2> fail-nomain.err >> testall.log
###### FAILED

###### Testing fail-return1
< tests/fail-return1.javapm 2> fail-return1.err >> testall.log
###### FAILED

###### Testing fail-return2
< tests/fail-return2.javapm 2> fail-return2.err >> testall.log
###### FAILED

###### Testing fail-while1
< tests/fail-while1.javapm 2> fail-while1.err >> testall.log
###### FAILED

###### Testing fail-while2
< tests/fail-while2.javapm 2> fail-while2.err >> testall.log
###### FAILED
